#
# A fatal error has been detected by the Java Runtime Environment:
#
#  EXCEPTION_ACCESS_VIOLATION (0xc0000005) at pc=0x00000000697ce9b8, pid=6920, tid=0x00000000000015f8
#
# JRE version: OpenJDK Runtime Environment (8.0_112-b06) (build 1.8.0_112-release-b06)
# Java VM: OpenJDK 64-Bit Server VM (25.112-b06 mixed mode windows-amd64 compressed oops)
# Problematic frame:
# V  [jvm.dll+0xee9b8]
#
# Failed to write core dump. Minidumps are not enabled by default on client versions of Windows
#
# If you would like to submit a bug report, please visit:
#   http://bugreport.java.com/bugreport/crash.jsp
#

---------------  T H R E A D  ---------------

Current thread (0x00000000026a9000):  GCTaskThread [stack: 0x0000000012260000,0x0000000012360000] [id=5624]

siginfo: ExceptionCode=0xc0000005, reading address 0xffffffffffffffff

Registers:
RAX=0x0000000012460000, RBX=0x00000000006900b8, RCX=0x0000000000000000, RDX=0x0000000000000017
RSP=0x000000001235f4e0, RBP=0x00000000a0bbfa88, RSI=0x000000000277a5f0, RDI=0x000000000277a5f0
R8 =0x007fffffffb03480, R9 =0x000000010027de90, R10=0x000000000000000c, R11=0x0000000069ca4c58
R12=0x00000000a0bbfa98, R13=0x000000010027e1a0, R14=0x000000010027e1b0, R15=0x00000000a0bbfa78
RIP=0x00000000697ce9b8, EFLAGS=0x0000000000010206

Top of Stack: (sp=0x000000001235f4e0)
0x000000001235f4e0:   000000010027de90 00000000a0bce3a8
0x000000001235f4f0:   0000000000000008 00000000698d4c82
0x000000001235f500:   0000000000000000 00000000026a9930
0x000000001235f510:   00000000026a0c20 000000000277a5f0
0x000000001235f520:   0000000000000f57 0000000069aa1fc0
0x000000001235f530:   0000000016906af8 000000001235f649
0x000000001235f540:   000000000277a5f0 0000000069cf2168
0x000000001235f550:   0000000016905430 000000001235f649
0x000000001235f560:   0000000000000000 0000000000000004
0x000000001235f570:   000000000277a5f0 00000000697cd0b2
0x000000001235f580:   00000000a02755a8 0000000000000000
0x000000001235f590:   0000000000000000 00000000026a0c20
0x000000001235f5a0:   00000000026a9940 00000000026a9930
0x000000001235f5b0:   0000000069cf2168 000000000277a5f0
0x000000001235f5c0:   0000000000000000 000000001235f649
0x000000001235f5d0:   0000000015fd5540 0000000069a9f230 

Instructions: (pc=0x00000000697ce9b8)
0x00000000697ce998:   05 53 2f 6d 00 49 c1 e8 03 49 d3 e8 41 0f b6 c0
0x00000000697ce9a8:   49 c1 e8 06 24 3f 0f b6 d0 48 8b 05 68 2f 6d 00
0x00000000697ce9b8:   4a 8b 0c c0 48 0f a3 d1 0f 82 59 01 00 00 0f b6
0x00000000697ce9c8:   15 a4 8e 6c 00 84 d2 74 16 44 8b 43 08 8b 0d 7d 


Register to memory mapping:

RAX=0x0000000012460000 is an unknown value
RBX=0x00000000006900b8 is an unknown value
RCX=0x0000000000000000 is an unknown value
RDX=0x0000000000000017 is an unknown value
RSP=0x000000001235f4e0 is an unknown value
RBP=0x00000000a0bbfa88 is pointing into object: 0x00000000a0bbfa78
org.codehaus.groovy.reflection.CachedMethod 
 - klass: 'org/codehaus/groovy/reflection/CachedMethod'
RSI=0x000000000277a5f0 is an unknown value
RDI=0x000000000277a5f0 is an unknown value
R8 =0x007fffffffb03480 is an unknown value
R9 =0x000000010027de90 is pointing into metadata
R10=0x000000000000000c is an unknown value
R11=0x0000000069ca4c58 is an unknown value
R12=0x00000000a0bbfa98 is pointing into object: 0x00000000a0bbfa78
org.codehaus.groovy.reflection.CachedMethod 
 - klass: 'org/codehaus/groovy/reflection/CachedMethod'
R13=0x000000010027e1a0 is pointing into metadata
R14=0x000000010027e1b0 is pointing into metadata
R15=0x00000000a0bbfa78 is an oop
org.codehaus.groovy.reflection.CachedMethod 
 - klass: 'org/codehaus/groovy/reflection/CachedMethod'


Stack: [0x0000000012260000,0x0000000012360000],  sp=0x000000001235f4e0,  free space=1021k
Native frames: (J=compiled Java code, j=interpreted, Vv=VM code, C=native code)
V  [jvm.dll+0xee9b8]
V  [jvm.dll+0x3c1fc0]
V  [jvm.dll+0x3bf230]
V  [jvm.dll+0x3bce6e]
V  [jvm.dll+0x26c13a]
C  [msvcr100.dll+0x21d9f]
C  [msvcr100.dll+0x21e3b]
C  [KERNEL32.DLL+0x8364]
C  [ntdll.dll+0x67091]


---------------  P R O C E S S  ---------------

Java Threads: ( => current thread )
  0x000000001f128000 JavaThread "Cache update executor" [_thread_blocked, id=8280, stack(0x000000002d300000,0x000000002d400000)]
  0x000000001f120800 JavaThread "Stdin handler" [_thread_blocked, id=8248, stack(0x000000002d200000,0x000000002d300000)]
  0x000000001f124000 JavaThread "Asynchronous log dispatcher for DefaultDaemonConnection: socket connection from /127.0.0.1:50004 to /127.0.0.1:64473" [_thread_blocked, id=8244, stack(0x000000002d100000,0x000000002d200000)]
  0x000000001f123800 JavaThread "Daemon worker Thread 5" [_thread_blocked, id=8232, stack(0x000000002d000000,0x000000002d100000)]
  0x000000001f127000 JavaThread "Cancel handler" [_thread_blocked, id=8208, stack(0x000000002cf00000,0x000000002d000000)]
  0x000000001f122800 JavaThread "Handler for socket connection from /127.0.0.1:50004 to /127.0.0.1:64473" [_thread_in_native, id=7932, stack(0x000000002ce00000,0x000000002cf00000)]
  0x000000001f125000 JavaThread "Daemon Thread 5" [_thread_blocked, id=8204, stack(0x000000002cd00000,0x000000002ce00000)]
  0x00000000197ee000 JavaThread "File lock request listener" [_thread_in_native, id=6268, stack(0x000000001bac0000,0x000000001bbc0000)]
  0x000000001927f800 JavaThread "pool-1-thread-1" [_thread_blocked, id=5448, stack(0x000000001b2c0000,0x000000001b3c0000)]
  0x0000000018dea000 JavaThread "Incoming local TCP Connector on port 50004" [_thread_in_native, id=792, stack(0x0000000019850000,0x0000000019950000)]
  0x0000000017a99000 JavaThread "Service Thread" daemon [_thread_blocked, id=6944, stack(0x0000000017e80000,0x0000000017f80000)]
  0x0000000016103000 JavaThread "C1 CompilerThread2" daemon [_thread_blocked, id=3964, stack(0x0000000017980000,0x0000000017a80000)]
  0x0000000016100000 JavaThread "C2 CompilerThread1" daemon [_thread_blocked, id=5592, stack(0x0000000017880000,0x0000000017980000)]
  0x00000000160fc000 JavaThread "C2 CompilerThread0" daemon [_thread_blocked, id=3992, stack(0x0000000017780000,0x0000000017880000)]
  0x00000000160f9000 JavaThread "Attach Listener" daemon [_thread_blocked, id=4004, stack(0x0000000017680000,0x0000000017780000)]
  0x00000000160f7800 JavaThread "Signal Dispatcher" daemon [_thread_blocked, id=6952, stack(0x0000000017580000,0x0000000017680000)]
  0x000000000278a800 JavaThread "Finalizer" daemon [_thread_blocked, id=492, stack(0x0000000017390000,0x0000000017490000)]
  0x000000000277f800 JavaThread "Reference Handler" daemon [_thread_blocked, id=1200, stack(0x0000000017290000,0x0000000017390000)]
  0x000000000253e800 JavaThread "main" [_thread_blocked, id=7072, stack(0x0000000002540000,0x0000000002640000)]

Other Threads:
  0x00000000160c4800 VMThread [stack: 0x0000000017190000,0x0000000017290000] [id=6848]
  0x0000000017a9b800 WatcherThread [stack: 0x0000000017f80000,0x0000000018080000] [id=6940]

=>0x00000000026a9000 (exited) GCTaskThread [stack: 0x0000000012260000,0x0000000012360000] [id=5624]

VM state:at safepoint (normal execution)

VM Mutex/Monitor currently owned by a thread:  ([mutex/lock_event])
[0x000000000253be90] Threads_lock - owner thread: 0x00000000160c4800
[0x000000000253ba10] Heap_lock - owner thread: 0x000000001f123800

Heap:
 PSYoungGen      total 404480K, used 41558K [0x00000000e0000000, 0x0000000100000000, 0x0000000100000000)
  eden space 316416K, 0% used [0x00000000e0000000,0x00000000e0000000,0x00000000f3500000)
  from space 88064K, 47% used [0x00000000faa00000,0x00000000fd295bd0,0x0000000100000000)
  to   space 103936K, 0% used [0x00000000f3500000,0x00000000f3500000,0x00000000f9a80000)
 ParOldGen       total 331264K, used 298470K [0x00000000a0000000, 0x00000000b4380000, 0x00000000e0000000)
  object space 331264K, 90% used [0x00000000a0000000,0x00000000b2379b70,0x00000000b4380000)
 Metaspace       used 87268K, capacity 92838K, committed 93056K, reserved 1130496K
  class space    used 10367K, capacity 11247K, committed 11392K, reserved 1048576K

Card table byte_map: [0x0000000011b50000,0x0000000011e60000] byte_map_base: 0x0000000011650000

Marking Bits: (ParMarkBitMap*) 0x0000000069ea18f0
 Begin Bits: [0x0000000012460000, 0x0000000013c60000)
 End Bits:   [0x0000000013c60000, 0x0000000015460000)

Polling page: 0x0000000000860000

CodeCache: size=245760Kb used=80132Kb max_used=80143Kb free=165627Kb
 bounds [0x0000000002790000, 0x0000000007650000, 0x0000000011790000]
 total_blobs=20709 nmethods=19880 adapters=738
 compilation: enabled

Compilation events (10 events):
Event: 7497.273 Thread 0x0000000016103000 nmethod 27953 0x000000000760fe10 code [0x000000000760ff60, 0x0000000007610070]
Event: 7497.279 Thread 0x0000000016100000 nmethod 27837 0x0000000007640b10 code [0x0000000007640f00, 0x0000000007643ce0]
Event: 7497.305 Thread 0x00000000160fc000 27954       4       sun.nio.fs.WindowsPath::<init> (26 bytes)
Event: 7497.305 Thread 0x00000000160fc000 nmethod 27954 0x0000000005d94490 code [0x0000000005d945c0, 0x0000000005d94658]
Event: 7497.362 Thread 0x0000000016103000 27955       1       com.android.build.gradle.tasks.ProcessAndroidResources::getResourceConfigs (5 bytes)
Event: 7497.362 Thread 0x0000000016103000 nmethod 27955 0x0000000007622110 code [0x0000000007622260, 0x0000000007622370]
Event: 7497.385 Thread 0x0000000016100000 27956       4       org.gradle.api.internal.file.pattern.HasPrefixAndSuffixPatternStep::matches (28 bytes)
Event: 7497.389 Thread 0x0000000016100000 nmethod 27956 0x0000000007621910 code [0x0000000007621a60, 0x0000000007621d88]
Event: 7497.475 Thread 0x0000000016103000 27957       3       java.util.concurrent.atomic.AtomicInteger::compareAndSet (13 bytes)
Event: 7497.476 Thread 0x0000000016103000 nmethod 27957 0x000000000760bf90 code [0x000000000760c0e0, 0x000000000760c250]

GC Heap History (10 events):
Event: 7482.197 GC heap after
Heap after GC invocations=58 (full 6):
 PSYoungGen      total 443904K, used 17126K [0x00000000e0000000, 0x0000000100000000, 0x0000000100000000)
  eden space 367104K, 0% used [0x00000000e0000000,0x00000000e0000000,0x00000000f6680000)
  from space 76800K, 22% used [0x00000000faf80000,0x00000000fc039af8,0x00000000ffa80000)
  to   space 74752K, 0% used [0x00000000f6680000,0x00000000f6680000,0x00000000faf80000)
 ParOldGen       total 331264K, used 257754K [0x00000000a0000000, 0x00000000b4380000, 0x00000000e0000000)
  object space 331264K, 77% used [0x00000000a0000000,0x00000000afbb6bd8,0x00000000b4380000)
 Metaspace       used 86310K, capacity 91804K, committed 92160K, reserved 1130496K
  class space    used 10292K, capacity 11138K, committed 11264K, reserved 1048576K
}
Event: 7488.549 GC heap before
{Heap before GC invocations=59 (full 6):
 PSYoungGen      total 443904K, used 384230K [0x00000000e0000000, 0x0000000100000000, 0x0000000100000000)
  eden space 367104K, 100% used [0x00000000e0000000,0x00000000f6680000,0x00000000f6680000)
  from space 76800K, 22% used [0x00000000faf80000,0x00000000fc039af8,0x00000000ffa80000)
  to   space 74752K, 0% used [0x00000000f6680000,0x00000000f6680000,0x00000000faf80000)
 ParOldGen       total 331264K, used 257754K [0x00000000a0000000, 0x00000000b4380000, 0x00000000e0000000)
  object space 331264K, 77% used [0x00000000a0000000,0x00000000afbb6bd8,0x00000000b4380000)
 Metaspace       used 86355K, capacity 91906K, committed 92160K, reserved 1130496K
  class space    used 10293K, capacity 11171K, committed 11264K, reserved 1048576K
Event: 7488.609 GC heap after
Heap after GC invocations=59 (full 6):
 PSYoungGen      total 441856K, used 48536K [0x00000000e0000000, 0x0000000100000000, 0x0000000100000000)
  eden space 367104K, 0% used [0x00000000e0000000,0x00000000e0000000,0x00000000f6680000)
  from space 74752K, 64% used [0x00000000f6680000,0x00000000f95e6398,0x00000000faf80000)
  to   space 77312K, 0% used [0x00000000fb480000,0x00000000fb480000,0x0000000100000000)
 ParOldGen       total 331264K, used 257762K [0x00000000a0000000, 0x00000000b4380000, 0x00000000e0000000)
  object space 331264K, 77% used [0x00000000a0000000,0x00000000afbb8bd8,0x00000000b4380000)
 Metaspace       used 86355K, capacity 91906K, committed 92160K, reserved 1130496K
  class space    used 10293K, capacity 11171K, committed 11264K, reserved 1048576K
}
Event: 7490.970 GC heap before
{Heap before GC invocations=60 (full 6):
 PSYoungGen      total 441856K, used 415640K [0x00000000e0000000, 0x0000000100000000, 0x0000000100000000)
  eden space 367104K, 100% used [0x00000000e0000000,0x00000000f6680000,0x00000000f6680000)
  from space 74752K, 64% used [0x00000000f6680000,0x00000000f95e6398,0x00000000faf80000)
  to   space 77312K, 0% used [0x00000000fb480000,0x00000000fb480000,0x0000000100000000)
 ParOldGen       total 331264K, used 257762K [0x00000000a0000000, 0x00000000b4380000, 0x00000000e0000000)
  object space 331264K, 77% used [0x00000000a0000000,0x00000000afbb8bd8,0x00000000b4380000)
 Metaspace       used 86692K, capacity 92270K, committed 92544K, reserved 1130496K
  class space    used 10329K, capacity 11211K, committed 11392K, reserved 1048576K
Event: 7491.043 GC heap after
Heap after GC invocations=60 (full 6):
 PSYoungGen      total 425472K, used 73090K [0x00000000e0000000, 0x0000000100000000, 0x0000000100000000)
  eden space 348160K, 0% used [0x00000000e0000000,0x00000000e0000000,0x00000000f5400000)
  from space 77312K, 94% used [0x00000000fb480000,0x00000000ffbe0a88,0x0000000100000000)
  to   space 88064K, 0% used [0x00000000f5400000,0x00000000f5400000,0x00000000faa00000)
 ParOldGen       total 331264K, used 257762K [0x00000000a0000000, 0x00000000b4380000, 0x00000000e0000000)
  object space 331264K, 77% used [0x00000000a0000000,0x00000000afbb8bd8,0x00000000b4380000)
 Metaspace       used 86692K, capacity 92270K, committed 92544K, reserved 1130496K
  class space    used 10329K, capacity 11211K, committed 11392K, reserved 1048576K
}
Event: 7491.802 GC heap before
{Heap before GC invocations=61 (full 6):
 PSYoungGen      total 425472K, used 421250K [0x00000000e0000000, 0x0000000100000000, 0x0000000100000000)
  eden space 348160K, 100% used [0x00000000e0000000,0x00000000f5400000,0x00000000f5400000)
  from space 77312K, 94% used [0x00000000fb480000,0x00000000ffbe0a88,0x0000000100000000)
  to   space 88064K, 0% used [0x00000000f5400000,0x00000000f5400000,0x00000000faa00000)
 ParOldGen       total 331264K, used 257762K [0x00000000a0000000, 0x00000000b4380000, 0x00000000e0000000)
  object space 331264K, 77% used [0x00000000a0000000,0x00000000afbb8bd8,0x00000000b4380000)
 Metaspace       used 87162K, capacity 92774K, committed 93056K, reserved 1130496K
  class space    used 10366K, capacity 11247K, committed 11392K, reserved 1048576K
Event: 7491.903 GC heap after
Heap after GC invocations=61 (full 6):
 PSYoungGen      total 436224K, used 88040K [0x00000000e0000000, 0x0000000100000000, 0x0000000100000000)
  eden space 348160K, 0% used [0x00000000e0000000,0x00000000e0000000,0x00000000f5400000)
  from space 88064K, 99% used [0x00000000f5400000,0x00000000fa9fa150,0x00000000faa00000)
  to   space 88064K, 0% used [0x00000000faa00000,0x00000000faa00000,0x0000000100000000)
 ParOldGen       total 331264K, used 279218K [0x00000000a0000000, 0x00000000b4380000, 0x00000000e0000000)
  object space 331264K, 84% used [0x00000000a0000000,0x00000000b10acb10,0x00000000b4380000)
 Metaspace       used 87162K, capacity 92774K, committed 93056K, reserved 1130496K
  class space    used 10366K, capacity 11247K, committed 11392K, reserved 1048576K
}
Event: 7499.751 GC heap before
{Heap before GC invocations=62 (full 6):
 PSYoungGen      total 436224K, used 436200K [0x00000000e0000000, 0x0000000100000000, 0x0000000100000000)
  eden space 348160K, 100% used [0x00000000e0000000,0x00000000f5400000,0x00000000f5400000)
  from space 88064K, 99% used [0x00000000f5400000,0x00000000fa9fa150,0x00000000faa00000)
  to   space 88064K, 0% used [0x00000000faa00000,0x00000000faa00000,0x0000000100000000)
 ParOldGen       total 331264K, used 279218K [0x00000000a0000000, 0x00000000b4380000, 0x00000000e0000000)
  object space 331264K, 84% used [0x00000000a0000000,0x00000000b10acb10,0x00000000b4380000)
 Metaspace       used 87268K, capacity 92838K, committed 93056K, reserved 1130496K
  class space    used 10367K, capacity 11247K, committed 11392K, reserved 1048576K
Event: 7499.796 GC heap after
Heap after GC invocations=62 (full 6):
 PSYoungGen      total 404480K, used 41558K [0x00000000e0000000, 0x0000000100000000, 0x0000000100000000)
  eden space 316416K, 0% used [0x00000000e0000000,0x00000000e0000000,0x00000000f3500000)
  from space 88064K, 47% used [0x00000000faa00000,0x00000000fd295bd0,0x0000000100000000)
  to   space 103936K, 0% used [0x00000000f3500000,0x00000000f3500000,0x00000000f9a80000)
 ParOldGen       total 331264K, used 298470K [0x00000000a0000000, 0x00000000b4380000, 0x00000000e0000000)
  object space 331264K, 90% used [0x00000000a0000000,0x00000000b2379b70,0x00000000b4380000)
 Metaspace       used 87268K, capacity 92838K, committed 93056K, reserved 1130496K
  class space    used 10367K, capacity 11247K, committed 11392K, reserved 1048576K
}
Event: 7499.796 GC heap before
{Heap before GC invocations=63 (full 7):
 PSYoungGen      total 404480K, used 41558K [0x00000000e0000000, 0x0000000100000000, 0x0000000100000000)
  eden space 316416K, 0% used [0x00000000e0000000,0x00000000e0000000,0x00000000f3500000)
  from space 88064K, 47% used [0x00000000faa00000,0x00000000fd295bd0,0x0000000100000000)
  to   space 103936K, 0% used [0x00000000f3500000,0x00000000f3500000,0x00000000f9a80000)
 ParOldGen       total 331264K, used 298470K [0x00000000a0000000, 0x00000000b4380000, 0x00000000e0000000)
  object space 331264K, 90% used [0x00000000a0000000,0x00000000b2379b70,0x00000000b4380000)
 Metaspace       used 87268K, capacity 92838K, committed 93056K, reserved 1130496K
  class space    used 10367K, capacity 11247K, committed 11392K, reserved 1048576K

Deoptimization events (10 events):
Event: 7491.273 Thread 0x000000001f123800 Uncommon trap: reason=class_check action=maybe_recompile pc=0x0000000003f16778 method=com.squareup.javapoet.CodeBlock$Builder.argToType(Ljava/lang/Object;)Lcom/squareup/javapoet/TypeName; @ 1
Event: 7491.273 Thread 0x000000001f123800 Uncommon trap: reason=class_check action=maybe_recompile pc=0x0000000003dbeacc method=com.squareup.javapoet.CodeWriter.<init>(Ljava/lang/Appendable;Ljava/lang/String;Ljava/util/Map;Ljava/util/Set;)V @ 102
Event: 7491.274 Thread 0x000000001f123800 Uncommon trap: reason=class_check action=maybe_recompile pc=0x0000000003f16778 method=com.squareup.javapoet.CodeBlock$Builder.argToType(Ljava/lang/Object;)Lcom/squareup/javapoet/TypeName; @ 1
Event: 7491.281 Thread 0x000000001f123800 Uncommon trap: reason=class_check action=maybe_recompile pc=0x0000000003f16778 method=com.squareup.javapoet.CodeBlock$Builder.argToType(Ljava/lang/Object;)Lcom/squareup/javapoet/TypeName; @ 1
Event: 7491.282 Thread 0x000000001f123800 Uncommon trap: reason=class_check action=maybe_recompile pc=0x0000000003dbead8 method=com.squareup.javapoet.CodeWriter.<init>(Ljava/lang/Appendable;Ljava/lang/String;Ljava/util/Map;Ljava/util/Set;)V @ 120
Event: 7491.283 Thread 0x000000001f123800 Uncommon trap: reason=class_check action=maybe_recompile pc=0x0000000003dbeacc method=com.squareup.javapoet.CodeWriter.<init>(Ljava/lang/Appendable;Ljava/lang/String;Ljava/util/Map;Ljava/util/Set;)V @ 102
Event: 7493.559 Thread 0x000000001f123800 Uncommon trap: reason=unstable_if action=reinterpret pc=0x00000000058d0878 method=com.sun.tools.javac.comp.Lower.access(Lcom/sun/tools/javac/code/Symbol;Lcom/sun/tools/javac/tree/JCTree$JCExpression;Lcom/sun/tools/javac/tree/JCTree$JCExpression;Z)Lcom/sun/naMyåH½@
Event: 7496.896 Thread 0x000000001f123800 Uncommon trap: reason=unstable_if action=reinterpret pc=0x0000000003cf8b9c method=org.eclipse.jdt.internal.compiler.lookup.ClassScope.buildMethods()V @ 43
Event: 7497.113 Thread 0x000000001f123800 Uncommon trap: reason=class_check action=maybe_recompile pc=0x0000000006189e64 method=com.google.common.collect.ImmutableMap.containsKey(Ljava/lang/Object;)Z @ 2
Event: 7497.113 Thread 0x000000001f123800 Uncommon trap: reason=class_check action=maybe_recompile pc=0x0000000006189e64 method=com.google.common.collect.ImmutableMap.containsKey(Ljava/lang/Object;)Z @ 2

Internal exceptions (10 events):
Event: 7477.150 Thread 0x000000001f123800 Exception <a 'java/lang/ClassNotFoundException': com/android/build/gradle/tasks/fd/GenerateInstantRunAppInfoTask_DecoratedCustomizer> (0x00000000f3120ee0) thrown at [C:\src\android\AOSP-openjdk\external\jetbrains\jdk\hotspot\src\share\vm\classfile\systemDi¹§›c7½@
Event: 7479.048 Thread 0x000000001f123800 Implicit null exception at 0x0000000005d9d91b to 0x0000000005d9e7d5
Event: 7479.286 Thread 0x000000001f123800 Exception <a 'sun/nio/fs/WindowsException'> (0x00000000e6108308) thrown at [C:\src\android\AOSP-openjdk\external\jetbrains\jdk\hotspot\src\share\vm\prims\jni.cpp, line 709]
Event: 7479.286 Thread 0x000000001f123800 Exception <a 'sun/nio/fs/WindowsException'> (0x00000000e6109aa8) thrown at [C:\src\android\AOSP-openjdk\external\jetbrains\jdk\hotspot\src\share\vm\prims\jni.cpp, line 709]
Event: 7479.318 Thread 0x000000001f123800 Implicit null exception at 0x0000000002a888c0 to 0x0000000002a89745
Event: 7481.757 Thread 0x000000001f123800 Exception <a 'sun/nio/fs/WindowsException'> (0x00000000f3482e40) thrown at [C:\src\android\AOSP-openjdk\external\jetbrains\jdk\hotspot\src\share\vm\prims\jni.cpp, line 709]
Event: 7481.757 Thread 0x000000001f123800 Exception <a 'sun/nio/fs/WindowsException'> (0x00000000f3484aa0) thrown at [C:\src\android\AOSP-openjdk\external\jetbrains\jdk\hotspot\src\share\vm\prims\jni.cpp, line 709]
Event: 7488.524 Thread 0x000000001f123800 Exception <a 'sun/nio/fs/WindowsException'> (0x00000000f45b5600) thrown at [C:\src\android\AOSP-openjdk\external\jetbrains\jdk\hotspot\src\share\vm\prims\jni.cpp, line 709]
Event: 7488.524 Thread 0x000000001f123800 Exception <a 'sun/nio/fs/WindowsException'> (0x00000000f45b71f0) thrown at [C:\src\android\AOSP-openjdk\external\jetbrains\jdk\hotspot\src\share\vm\prims\jni.cpp, line 709]
Event: 7496.896 Thread 0x000000001f123800 Implicit null exception at 0x0000000003cf78dd to 0x0000000003cf8b81

Events (10 events):
Event: 7499.720 Executing VM operation: RevokeBias
Event: 7499.720 Executing VM operation: RevokeBias done
Event: 7499.720 Executing VM operation: RevokeBias
Event: 7499.720 Executing VM operation: RevokeBias done
Event: 7499.720 Executing VM operation: RevokeBias
Event: 7499.720 Executing VM operation: RevokeBias done
Event: 7499.720 Executing VM operation: RevokeBias
Event: 7499.720 Executing VM operation: RevokeBias done
Event: 7499.720 Thread 0x000000001a5d0000 Thread exited: 0x000000001a5d0000
Event: 7499.751 Executing VM operation: ParallelGCFailedAllocation


Dynamic libraries:
0x00007ff63a560000 - 0x00007ff63a591000 	D:\android-studio\jre\bin\java.exe
0x00007ffd2abd0000 - 0x00007ffd2ada2000 	C:\Windows\SYSTEM32\ntdll.dll
0x00007ffd29070000 - 0x00007ffd2911c000 	C:\Windows\System32\KERNEL32.DLL
0x00007ffd27330000 - 0x00007ffd2754d000 	C:\Windows\System32\KERNELBASE.dll
0x00007ffd28840000 - 0x00007ffd288e2000 	C:\Windows\System32\ADVAPI32.dll
0x00007ffd287a0000 - 0x00007ffd2883e000 	C:\Windows\System32\msvcrt.dll
0x00007ffd28160000 - 0x00007ffd281b9000 	C:\Windows\System32\sechost.dll
0x00007ffd2a7d0000 - 0x00007ffd2a8f1000 	C:\Windows\System32\RPCRT4.dll
0x00007ffd28e00000 - 0x00007ffd28f65000 	C:\Windows\System32\USER32.dll
0x00007ffd275b0000 - 0x00007ffd275ce000 	C:\Windows\System32\win32u.dll
0x00007ffd28dc0000 - 0x00007ffd28df4000 	C:\Windows\System32\GDI32.dll
0x00007ffd27680000 - 0x00007ffd27800000 	C:\Windows\System32\gdi32full.dll
0x00007ffd1d6e0000 - 0x00007ffd1d95a000 	C:\Windows\WinSxS\amd64_microsoft.windows.common-controls_6595b64144ccf1df_6.0.14393.953_none_42151e83c686086b\COMCTL32.dll
0x00007ffd2a900000 - 0x00007ffd2abc8000 	C:\Windows\System32\combase.dll
0x00007ffd270d0000 - 0x00007ffd271c5000 	C:\Windows\System32\ucrtbase.dll
0x00007ffd271d0000 - 0x00007ffd2723a000 	C:\Windows\System32\bcryptPrimitives.dll
0x00007ffd28b50000 - 0x00007ffd28b7e000 	C:\Windows\System32\IMM32.DLL
0x0000000069600000 - 0x00000000696d2000 	D:\android-studio\jre\jre\bin\msvcr100.dll
0x00000000696e0000 - 0x0000000069f1c000 	D:\android-studio\jre\jre\bin\server\jvm.dll
0x00007ffd28730000 - 0x00007ffd28738000 	C:\Windows\System32\PSAPI.DLL
0x00007ffd256a0000 - 0x00007ffd256aa000 	C:\Windows\SYSTEM32\VERSION.dll
0x00007ffd24bf0000 - 0x00007ffd24c13000 	C:\Windows\SYSTEM32\WINMM.dll
0x00007ffd22b00000 - 0x00007ffd22b09000 	C:\Windows\SYSTEM32\WSOCK32.dll
0x00007ffd28b90000 - 0x00007ffd28bfa000 	C:\Windows\System32\WS2_32.dll
0x00007ffd24910000 - 0x00007ffd2493b000 	C:\Windows\SYSTEM32\WINMMBASE.dll
0x00007ffd272e0000 - 0x00007ffd27322000 	C:\Windows\System32\cfgmgr32.dll
0x00007ffd227e0000 - 0x00007ffd227ef000 	D:\android-studio\jre\jre\bin\verify.dll
0x00007ffd18d40000 - 0x00007ffd18d69000 	D:\android-studio\jre\jre\bin\java.dll
0x00007ffd16c30000 - 0x00007ffd16c46000 	D:\android-studio\jre\jre\bin\zip.dll
0x00007ffd29120000 - 0x00007ffd2a628000 	C:\Windows\System32\SHELL32.dll
0x00007ffd27a80000 - 0x00007ffd2815a000 	C:\Windows\System32\windows.storage.dll
0x00007ffd27080000 - 0x00007ffd270cc000 	C:\Windows\System32\powrprof.dll
0x00007ffd28740000 - 0x00007ffd28792000 	C:\Windows\System32\shlwapi.dll
0x00007ffd27050000 - 0x00007ffd2705f000 	C:\Windows\System32\kernel.appcore.dll
0x00007ffd275d0000 - 0x00007ffd27679000 	C:\Windows\System32\shcore.dll
0x00007ffd27060000 - 0x00007ffd27074000 	C:\Windows\System32\profapi.dll
0x00007ffd16c10000 - 0x00007ffd16c2a000 	D:\android-studio\jre\jre\bin\net.dll
0x00007ffd26610000 - 0x00007ffd2666c000 	C:\Windows\system32\mswsock.dll
0x00007ffd16bf0000 - 0x00007ffd16c01000 	D:\android-studio\jre\jre\bin\nio.dll
0x00007ffd159e0000 - 0x00007ffd159fe000 	C:\Users\Giga\.gradle\native\23\windows-amd64\native-platform.dll
0x00007ffd26a40000 - 0x00007ffd26a57000 	C:\Windows\SYSTEM32\CRYPTSP.dll
0x00007ffd26210000 - 0x00007ffd26243000 	C:\Windows\system32\rsaenh.dll
0x00007ffd26f80000 - 0x00007ffd26fab000 	C:\Windows\SYSTEM32\bcrypt.dll
0x00007ffd26490000 - 0x00007ffd264af000 	C:\Windows\SYSTEM32\USERENV.dll
0x00007ffd267b0000 - 0x00007ffd267bb000 	C:\Windows\SYSTEM32\CRYPTBASE.dll
0x00007ffd26390000 - 0x00007ffd263c8000 	C:\Windows\SYSTEM32\IPHLPAPI.DLL
0x00007ffd29060000 - 0x00007ffd29068000 	C:\Windows\System32\NSI.dll
0x00007ffd22840000 - 0x00007ffd22856000 	C:\Windows\SYSTEM32\dhcpcsvc6.DLL
0x00007ffd1d010000 - 0x00007ffd1d02a000 	C:\Windows\SYSTEM32\dhcpcsvc.DLL
0x00007ffd26a30000 - 0x00007ffd26a3d000 	D:\android-studio\jre\jre\bin\management.dll
0x00007ffd26a90000 - 0x00007ffd26c22000 	C:\Windows\SYSTEM32\dbghelp.dll

VM Arguments:
jvm_args: -Xmx1536m -Dfile.encoding=windows-1252 -Duser.country=US -Duser.language=en -Duser.variant 
java_command: org.gradle.launcher.daemon.bootstrap.GradleDaemon 3.3
java_class_path (initial): C:\Users\Giga\.gradle\wrapper\dists\gradle-3.3-all\55gk2rcmfc6p2dg9u9ohc3hw9\gradle-3.3\lib\gradle-launcher-3.3.jar
Launcher Type: SUN_STANDARD

Environment Variables:
PATH=C:\ProgramData\Oracle\Java\javapath;C:\Windows\system32;C:\Windows;C:\Windows\System32\Wbem;C:\Windows\System32\WindowsPowerShell\v1.0\;C:\Program Files (x86)\Skype\Phone\;C:\Program Files\Git\cmd;C:\Users\Giga\AppData\Local\Microsoft\WindowsApps;
USERNAME=BB
OS=Windows_NT
PROCESSOR_IDENTIFIER=Intel64 Family 6 Model 158 Stepping 9, GenuineIntel



---------------  S Y S T E M  ---------------

OS: Windows 10.0 , 64 bit Build 14393 (10.0.14393.1198)

CPU:total 4 (4 cores per cpu, 1 threads per core) family 6 model 158 stepping 9, cmov, cx8, fxsr, mmx, sse, sse2, sse3, ssse3, sse4.1, sse4.2, popcnt, avx, avx2, aes, clmul, erms, 3dnowpref, lzcnt, tsc, tscinvbit, bmi1, bmi2, adx

Memory: 4k page, physical 8298912k(1395964k free), swap 12362144k(2194704k free)

vm_info: OpenJDK 64-Bit Server VM (25.112-b06) for windows-amd64 JRE (1.8.0_112-release-b06), built on Dec  8 2016 00:54:26 by "builder" with MS VC++ 10.0 (VS2010)

time: Tue Oct 10 16:22:57 2017
elapsed time: 7499 seconds (0d 2h 4m 59s)

