#
# A fatal error has been detected by the Java Runtime Environment:
#
#  EXCEPTION_ACCESS_VIOLATION (0xc0000005) at pc=0x00000000765e9eec, pid=3328, tid=0x0000000000001d78
#
# JRE version: OpenJDK Runtime Environment (8.0_112-b06) (build 1.8.0_112-release-b06)
# Java VM: OpenJDK 64-Bit Server VM (25.112-b06 mixed mode windows-amd64 compressed oops)
# Problematic frame:
# V  [jvm.dll+0x419eec]
#
# Failed to write core dump. Minidumps are not enabled by default on client versions of Windows
#
# If you would like to submit a bug report, please visit:
#   http://bugreport.java.com/bugreport/crash.jsp
#

---------------  T H R E A D  ---------------

Current thread (0x000000001bf9b000):  JavaThread "C2 CompilerThread0" daemon [_thread_in_native, id=7544, stack(0x000000001d610000,0x000000001d710000)]

siginfo: ExceptionCode=0xc0000005, reading address 0x00000000001d728e

Registers:
RAX=0xffffffffffffffcf, RBX=0x000000001eea9ee0, RCX=0x0000000000000030, RDX=0x00000000001d70de
RSP=0x000000001d70d3b0, RBP=0x0000000000000000, RSI=0x00000000001d70de, RDI=0x0000000000000030
R8 =0x0000000000000000, R9 =0x0000000000000000, R10=0x000000001bfb40c0, R11=0x00000000fffffff4
R12=0x000000001fbac9d0, R13=0x000000001eea9ee0, R14=0x000000001eea9aa0, R15=0x000000001eea8a00
RIP=0x00000000765e9eec, EFLAGS=0x0000000000010286

Top of Stack: (sp=0x000000001d70d3b0)
0x000000001d70d3b0:   000000001d70de10 00000000767f5f38
0x000000001d70d3c0:   0000000000000000 fffffffffffffff8
0x000000001d70d3d0:   000000001eea9f68 00000000766333d5
0x000000001d70d3e0:   000000001eea9ee0 000000001d70d6d0
0x000000001d70d3f0:   000000001eea9ee0 000000001d70d6d0
0x000000001d70d400:   00000000ffffffff 0000000000000001
0x000000001d70d410:   0000000088ca6c00 000000001bf9b000
0x000000001d70d420:   000000001eea98c8 00000000765f80c9
0x000000001d70d430:   000000001eea99b0 000000001fd34cc8
0x000000001d70d440:   000000001fbac9d0 000000001eea9aa0
0x000000001d70d450:   000000001eea98c8 0000000076612205
0x000000001d70d460:   000000001fd34ae8 00000000761d0000
0x000000001d70d470:   000000004697ea00 0000000000000000
0x000000001d70d480:   0000000000000004 00000000761d0000
0x000000001d70d490:   0000000000000000 000000001d70d6d0
0x000000001d70d4a0:   000000001d70d6d0 000000001d70e880 

Instructions: (pc=0x00000000765e9eec)
0x00000000765e9ecc:   cc cc cc cc 48 89 5c 24 08 48 89 74 24 10 57 48
0x00000000765e9edc:   83 ec 20 48 83 c8 ff 48 8b f2 48 8b f9 48 2b c1
0x00000000765e9eec:   48 3b 82 b0 01 00 00 73 16 48 8b d1 4c 8d 05 f1
0x00000000765e9efc:   74 20 00 48 8d 8e 98 01 00 00 e8 15 da c8 ff 48 


Register to memory mapping:

RAX=0xffffffffffffffcf is an unknown value
RBX=0x000000001eea9ee0 is an unknown value
RCX=0x0000000000000030 is an unknown value
RDX=0x00000000001d70de is an unknown value
RSP=0x000000001d70d3b0 is pointing into the stack for thread: 0x000000001bf9b000
RBP=0x0000000000000000 is an unknown value
RSI=0x00000000001d70de is an unknown value
RDI=0x0000000000000030 is an unknown value
R8 =0x0000000000000000 is an unknown value
R9 =0x0000000000000000 is an unknown value
R10=0x000000001bfb40c0 is an unknown value
R11=0x00000000fffffff4 is an unknown value
R12=0x000000001fbac9d0 is an unknown value
R13=0x000000001eea9ee0 is an unknown value
R14=0x000000001eea9aa0 is an unknown value
R15=0x000000001eea8a00 is an unknown value


Stack: [0x000000001d610000,0x000000001d710000],  sp=0x000000001d70d3b0,  free space=1012k
Native frames: (J=compiled Java code, j=interpreted, Vv=VM code, C=native code)


Current CompileTask:
C2:  10423 2321       4       com.android.dx.ssa.DeadCodeRemover::run (194 bytes)


---------------  P R O C E S S  ---------------

Java Threads: ( => current thread )
  0x000000001da46800 JavaThread "pool-2-thread-4" [_thread_blocked, id=7688, stack(0x000000001e310000,0x000000001e410000)]
  0x000000001dac6800 JavaThread "pool-2-thread-3" [_thread_blocked, id=1412, stack(0x000000001e210000,0x000000001e310000)]
  0x000000001da6d800 JavaThread "pool-2-thread-2" [_thread_in_Java, id=3200, stack(0x000000001e110000,0x000000001e210000)]
  0x000000001da6b000 JavaThread "pool-3-thread-1" [_thread_blocked, id=3988, stack(0x000000001e010000,0x000000001e110000)]
  0x000000001da67800 JavaThread "pool-2-thread-1" [_thread_blocked, id=8536, stack(0x000000001df10000,0x000000001e010000)]
  0x000000001bffe000 JavaThread "Service Thread" daemon [_thread_blocked, id=6476, stack(0x000000001dd10000,0x000000001de10000)]
  0x000000001bffc000 JavaThread "C1 CompilerThread2" daemon [_thread_blocked, id=3808, stack(0x000000001d810000,0x000000001d910000)]
  0x000000001bf9e000 JavaThread "C2 CompilerThread1" daemon [_thread_in_native, id=8608, stack(0x000000001d710000,0x000000001d810000)]
=>0x000000001bf9b000 JavaThread "C2 CompilerThread0" daemon [_thread_in_native, id=7544, stack(0x000000001d610000,0x000000001d710000)]
  0x000000001bf99000 JavaThread "Attach Listener" daemon [_thread_blocked, id=2368, stack(0x000000001d510000,0x000000001d610000)]
  0x000000001bf98000 JavaThread "Signal Dispatcher" daemon [_thread_blocked, id=3068, stack(0x000000001d410000,0x000000001d510000)]
  0x0000000002825000 JavaThread "Finalizer" daemon [_thread_blocked, id=2964, stack(0x000000001d220000,0x000000001d320000)]
  0x0000000002820000 JavaThread "Reference Handler" daemon [_thread_blocked, id=8072, stack(0x000000001d120000,0x000000001d220000)]
  0x0000000002730800 JavaThread "main" [_thread_in_Java, id=6872, stack(0x00000000025f0000,0x00000000026f0000)]

Other Threads:
  0x000000001bf65000 VMThread [stack: 0x000000001d020000,0x000000001d120000] [id=2564]
  0x000000001d914800 WatcherThread [stack: 0x000000001de10000,0x000000001df10000] [id=4432]

VM state:not at safepoint (normal execution)

VM Mutex/Monitor currently owned by a thread: None

Heap:
 PSYoungGen      total 291328K, used 148984K [0x000000076ab00000, 0x0000000785d80000, 0x00000007c0000000)
  eden space 198144K, 28% used [0x000000076ab00000,0x000000076e17e280,0x0000000776c80000)
  from space 93184K, 99% used [0x000000077e180000,0x0000000783c7fee0,0x0000000783c80000)
  to   space 119808K, 0% used [0x0000000776c80000,0x0000000776c80000,0x000000077e180000)
 ParOldGen       total 200704K, used 113361K [0x00000006c0000000, 0x00000006cc400000, 0x000000076ab00000)
  object space 200704K, 56% used [0x00000006c0000000,0x00000006c6eb4520,0x00000006cc400000)
 Metaspace       used 6128K, capacity 7152K, committed 7296K, reserved 1056768K
  class space    used 581K, capacity 616K, committed 640K, reserved 1048576K

Card table byte_map: [0x0000000011c90000,0x00000000124a0000] byte_map_base: 0x000000000e690000

Marking Bits: (ParMarkBitMap*) 0x00000000769918f0
 Begin Bits: [0x0000000012e00000, 0x0000000016e00000)
 End Bits:   [0x0000000016e00000, 0x000000001ae00000)

Polling page: 0x00000000026f0000

CodeCache: size=245760Kb used=9658Kb max_used=10203Kb free=236101Kb
 bounds [0x00000000028d0000, 0x0000000003310000, 0x00000000118d0000]
 total_blobs=2083 nmethods=1822 adapters=175
 compilation: enabled

Compilation events (10 events):
Event: 10.352 Thread 0x000000001bffc000 2352       2       com.android.dx.dex.file.ValueEncoder::addContents (75 bytes)
Event: 10.353 Thread 0x000000001bffc000 nmethod 2352 0x0000000002a86a50 code [0x0000000002a86c40, 0x0000000002a87338]
Event: 10.357 Thread 0x000000001bffc000 2353       2       com.android.dx.rop.annotation.NameValuePair::<init> (43 bytes)
Event: 10.357 Thread 0x000000001bffc000 nmethod 2353 0x0000000003237ad0 code [0x0000000003237c60, 0x0000000003237f38]
Event: 10.359 Thread 0x000000001bffc000 2354       2       com.android.dx.rop.code.RegisterSpec::make (21 bytes)
Event: 10.359 Thread 0x000000001bffc000 nmethod 2354 0x0000000002b2a7d0 code [0x0000000002b2a940, 0x0000000002b2ab38]
Event: 10.359 Thread 0x000000001bffc000 2355       2       com.android.dx.rop.code.Rops::opMarkLocal (69 bytes)
Event: 10.360 Thread 0x000000001bffc000 nmethod 2355 0x0000000002c10b50 code [0x0000000002c10d20, 0x0000000002c11218]
Event: 10.397 Thread 0x000000001bffc000 2357       2       com.android.dx.ssa.NormalSsaInsn::accept (25 bytes)
Event: 10.397 Thread 0x000000001bffc000 nmethod 2357 0x0000000002bf1c90 code [0x0000000002bf1e00, 0x0000000002bf1ff8]

GC Heap History (10 events):
Event: 7.331 GC heap before
{Heap before GC invocations=7 (full 1):
 PSYoungGen      total 138240K, used 133120K [0x000000076ab00000, 0x0000000773700000, 0x00000007c0000000)
  eden space 133120K, 100% used [0x000000076ab00000,0x0000000772d00000,0x0000000772d00000)
  from space 5120K, 0% used [0x0000000773200000,0x0000000773200000,0x0000000773700000)
  to   space 5120K, 0% used [0x0000000772d00000,0x0000000772d00000,0x0000000773200000)
 ParOldGen       total 157184K, used 82723K [0x00000006c0000000, 0x00000006c9980000, 0x000000076ab00000)
  object space 157184K, 52% used [0x00000006c0000000,0x00000006c50c8cf8,0x00000006c9980000)
 Metaspace       used 6001K, capacity 7152K, committed 7296K, reserved 1056768K
  class space    used 562K, capacity 616K, committed 640K, reserved 1048576K
Event: 7.422 GC heap after
Heap after GC invocations=7 (full 1):
 PSYoungGen      total 138240K, used 5099K [0x000000076ab00000, 0x000000077d900000, 0x00000007c0000000)
  eden space 133120K, 0% used [0x000000076ab00000,0x000000076ab00000,0x0000000772d00000)
  from space 5120K, 99% used [0x0000000772d00000,0x00000007731fad80,0x0000000773200000)
  to   space 54272K, 0% used [0x000000077a400000,0x000000077a400000,0x000000077d900000)
 ParOldGen       total 157184K, used 131285K [0x00000006c0000000, 0x00000006c9980000, 0x000000076ab00000)
  object space 157184K, 83% used [0x00000006c0000000,0x00000006c8035540,0x00000006c9980000)
 Metaspace       used 6001K, capacity 7152K, committed 7296K, reserved 1056768K
  class space    used 562K, capacity 616K, committed 640K, reserved 1048576K
}
Event: 7.422 GC heap before
{Heap before GC invocations=8 (full 2):
 PSYoungGen      total 138240K, used 5099K [0x000000076ab00000, 0x000000077d900000, 0x00000007c0000000)
  eden space 133120K, 0% used [0x000000076ab00000,0x000000076ab00000,0x0000000772d00000)
  from space 5120K, 99% used [0x0000000772d00000,0x00000007731fad80,0x0000000773200000)
  to   space 54272K, 0% used [0x000000077a400000,0x000000077a400000,0x000000077d900000)
 ParOldGen       total 157184K, used 131285K [0x00000006c0000000, 0x00000006c9980000, 0x000000076ab00000)
  object space 157184K, 83% used [0x00000006c0000000,0x00000006c8035540,0x00000006c9980000)
 Metaspace       used 6001K, capacity 7152K, committed 7296K, reserved 1056768K
  class space    used 562K, capacity 616K, committed 640K, reserved 1048576K
Event: 8.025 GC heap after
Heap after GC invocations=8 (full 2):
 PSYoungGen      total 138240K, used 0K [0x000000076ab00000, 0x000000077d900000, 0x00000007c0000000)
  eden space 133120K, 0% used [0x000000076ab00000,0x000000076ab00000,0x0000000772d00000)
  from space 5120K, 0% used [0x0000000772d00000,0x0000000772d00000,0x0000000773200000)
  to   space 54272K, 0% used [0x000000077a400000,0x000000077a400000,0x000000077d900000)
 ParOldGen       total 200704K, used 71643K [0x00000006c0000000, 0x00000006cc400000, 0x000000076ab00000)
  object space 200704K, 35% used [0x00000006c0000000,0x00000006c45f6e50,0x00000006cc400000)
 Metaspace       used 6001K, capacity 7152K, committed 7296K, reserved 1056768K
  class space    used 562K, capacity 616K, committed 640K, reserved 1048576K
}
Event: 8.634 GC heap before
{Heap before GC invocations=9 (full 2):
 PSYoungGen      total 138240K, used 133120K [0x000000076ab00000, 0x000000077d900000, 0x00000007c0000000)
  eden space 133120K, 100% used [0x000000076ab00000,0x0000000772d00000,0x0000000772d00000)
  from space 5120K, 0% used [0x0000000772d00000,0x0000000772d00000,0x0000000773200000)
  to   space 54272K, 0% used [0x000000077a400000,0x000000077a400000,0x000000077d900000)
 ParOldGen       total 200704K, used 71643K [0x00000006c0000000, 0x00000006cc400000, 0x000000076ab00000)
  object space 200704K, 35% used [0x00000006c0000000,0x00000006c45f6e50,0x00000006cc400000)
 Metaspace       used 6004K, capacity 7152K, committed 7296K, reserved 1056768K
  class space    used 562K, capacity 616K, committed 640K, reserved 1048576K
Event: 8.676 GC heap after
Heap after GC invocations=9 (full 2):
 PSYoungGen      total 227328K, used 54266K [0x000000076ab00000, 0x000000077e000000, 0x00000007c0000000)
  eden space 173056K, 0% used [0x000000076ab00000,0x000000076ab00000,0x0000000775400000)
  from space 54272K, 99% used [0x000000077a400000,0x000000077d8fe8d0,0x000000077d900000)
  to   space 71680K, 0% used [0x0000000775400000,0x0000000775400000,0x0000000779a00000)
 ParOldGen       total 200704K, used 80717K [0x00000006c0000000, 0x00000006cc400000, 0x000000076ab00000)
  object space 200704K, 40% used [0x00000006c0000000,0x00000006c4ed37c0,0x00000006cc400000)
 Metaspace       used 6004K, capacity 7152K, committed 7296K, reserved 1056768K
  class space    used 562K, capacity 616K, committed 640K, reserved 1048576K
}
Event: 9.288 GC heap before
{Heap before GC invocations=10 (full 2):
 PSYoungGen      total 227328K, used 227322K [0x000000076ab00000, 0x000000077e000000, 0x00000007c0000000)
  eden space 173056K, 100% used [0x000000076ab00000,0x0000000775400000,0x0000000775400000)
  from space 54272K, 99% used [0x000000077a400000,0x000000077d8fe8d0,0x000000077d900000)
  to   space 71680K, 0% used [0x0000000775400000,0x0000000775400000,0x0000000779a00000)
 ParOldGen       total 200704K, used 80717K [0x00000006c0000000, 0x00000006cc400000, 0x000000076ab00000)
  object space 200704K, 40% used [0x00000006c0000000,0x00000006c4ed37c0,0x00000006cc400000)
 Metaspace       used 6018K, capacity 7152K, committed 7296K, reserved 1056768K
  class space    used 562K, capacity 616K, committed 640K, reserved 1048576K
Event: 9.367 GC heap after
Heap after GC invocations=10 (full 2):
 PSYoungGen      total 244736K, used 71658K [0x000000076ab00000, 0x0000000783c80000, 0x00000007c0000000)
  eden space 173056K, 0% used [0x000000076ab00000,0x000000076ab00000,0x0000000775400000)
  from space 71680K, 99% used [0x0000000775400000,0x00000007799fabf0,0x0000000779a00000)
  to   space 93184K, 0% used [0x000000077e180000,0x000000077e180000,0x0000000783c80000)
 ParOldGen       total 200704K, used 93176K [0x00000006c0000000, 0x00000006cc400000, 0x000000076ab00000)
  object space 200704K, 46% used [0x00000006c0000000,0x00000006c5afe318,0x00000006cc400000)
 Metaspace       used 6018K, capacity 7152K, committed 7296K, reserved 1056768K
  class space    used 562K, capacity 616K, committed 640K, reserved 1048576K
}
Event: 10.172 GC heap before
{Heap before GC invocations=11 (full 2):
 PSYoungGen      total 244736K, used 244714K [0x000000076ab00000, 0x0000000783c80000, 0x00000007c0000000)
  eden space 173056K, 100% used [0x000000076ab00000,0x0000000775400000,0x0000000775400000)
  from space 71680K, 99% used [0x0000000775400000,0x00000007799fabf0,0x0000000779a00000)
  to   space 93184K, 0% used [0x000000077e180000,0x000000077e180000,0x0000000783c80000)
 ParOldGen       total 200704K, used 93176K [0x00000006c0000000, 0x00000006cc400000, 0x000000076ab00000)
  object space 200704K, 46% used [0x00000006c0000000,0x00000006c5afe318,0x00000006cc400000)
 Metaspace       used 6122K, capacity 7152K, committed 7296K, reserved 1056768K
  class space    used 581K, capacity 616K, committed 640K, reserved 1048576K
Event: 10.306 GC heap after
Heap after GC invocations=11 (full 2):
 PSYoungGen      total 291328K, used 93183K [0x000000076ab00000, 0x0000000785d80000, 0x00000007c0000000)
  eden space 198144K, 0% used [0x000000076ab00000,0x000000076ab00000,0x0000000776c80000)
  from space 93184K, 99% used [0x000000077e180000,0x0000000783c7fee0,0x0000000783c80000)
  to   space 119808K, 0% used [0x0000000776c80000,0x0000000776c80000,0x000000077e180000)
 ParOldGen       total 200704K, used 113361K [0x00000006c0000000, 0x00000006cc400000, 0x000000076ab00000)
  object space 200704K, 56% used [0x00000006c0000000,0x00000006c6eb4520,0x00000006cc400000)
 Metaspace       used 6122K, capacity 7152K, committed 7296K, reserved 1056768K
  class space    used 581K, capacity 616K, committed 640K, reserved 1048576K
}

Deoptimization events (10 events):
Event: 9.182 Thread 0x0000000002730800 Uncommon trap: reason=bimorphic action=maybe_recompile pc=0x00000000032ef0ec method=com.android.dx.cf.code.BytecodeArray.parseInstruction(ILcom/android/dx/cf/code/BytecodeArray$Visitor;)I @ 1130
Event: 9.206 Thread 0x000000001da6d800 Uncommon trap: reason=bimorphic action=maybe_recompile pc=0x0000000002dc57e4 method=com.android.dx.ssa.SCCP.simulatePhi(Lcom/android/dx/ssa/PhiInsn;)V @ 124
Event: 9.405 Thread 0x000000001dac6800 Uncommon trap: reason=unstable_if action=reinterpret pc=0x0000000002c970b0 method=java.util.HashMap.putVal(ILjava/lang/Object;Ljava/lang/Object;ZZ)Ljava/lang/Object; @ 162
Event: 9.755 Thread 0x000000001dac6800 Uncommon trap: reason=unstable_if action=reinterpret pc=0x0000000002a93dcc method=java.util.HashMap.putVal(ILjava/lang/Object;Ljava/lang/Object;ZZ)Ljava/lang/Object; @ 162
Event: 10.144 Thread 0x000000001da67800 Uncommon trap: reason=bimorphic action=maybe_recompile pc=0x0000000002b5f8d0 method=com.android.dx.cf.code.BytecodeArray.parseInstruction(ILcom/android/dx/cf/code/BytecodeArray$Visitor;)I @ 2281
Event: 10.144 Thread 0x000000001da67800 Uncommon trap: reason=bimorphic action=maybe_recompile pc=0x0000000002b5f8d0 method=com.android.dx.cf.code.BytecodeArray.parseInstruction(ILcom/android/dx/cf/code/BytecodeArray$Visitor;)I @ 2281
Event: 10.149 Thread 0x000000001dac6800 Uncommon trap: reason=unstable_if action=reinterpret pc=0x000000000301a8ac method=java.util.HashMap.resize()[Ljava/util/HashMap$Node; @ 206
Event: 10.348 Thread 0x000000001dac6800 Uncommon trap: reason=unstable_if action=reinterpret pc=0x0000000002b9acdc method=java.util.HashMap.getNode(ILjava/lang/Object;)Ljava/util/HashMap$Node; @ 84
Event: 10.380 Thread 0x000000001da6d800 Uncommon trap: reason=unstable_if action=reinterpret pc=0x0000000002e12f94 method=java.util.HashMap.getNode(ILjava/lang/Object;)Ljava/util/HashMap$Node; @ 84
Event: 10.409 Thread 0x000000001da46800 Uncommon trap: reason=unstable_if action=reinterpret pc=0x00000000032cfd90 method=java.util.ArrayList.rangeCheck(I)V @ 5

Internal exceptions (7 events):
Event: 0.041 Thread 0x0000000002730800 Exception <a 'java/lang/NoSuchMethodError': Method sun.misc.Unsafe.defineClass(Ljava/lang/String;[BII)Ljava/lang/Class; name or signature does not match> (0x000000076ab07c78) thrown at [C:\src\android\AOSP-openjdk\external\jetbrains\jdk\hotspot\src\share\v˜
>E\"•?
Event: 0.041 Thread 0x0000000002730800 Exception <a 'java/lang/NoSuchMethodError': Method sun.misc.Unsafe.prefetchRead(Ljava/lang/Object;J)V name or signature does not match> (0x000000076ab07f60) thrown at [C:\src\android\AOSP-openjdk\external\jetbrains\jdk\hotspot\src\share\vm\prims\jni.cpp, lùC∫9$@
Event: 3.643 Thread 0x000000001da6d800 Implicit null exception at 0x0000000002c86fe2 to 0x0000000002c870e2
Event: 4.713 Thread 0x000000001da67800 Implicit null exception at 0x0000000002e4359d to 0x0000000002e446c1
Event: 9.412 Thread 0x000000001dac6800 Exception <a 'java/lang/ArrayIndexOutOfBoundsException': 18> (0x000000076cb6e6d0) thrown at [C:\src\android\AOSP-openjdk\external\jetbrains\jdk\hotspot\src\share\vm\interpreter\interpreterRuntime.cpp, line 366]
Event: 9.412 Thread 0x000000001dac6800 Exception <a 'java/lang/ArrayIndexOutOfBoundsException': 145> (0x000000076cb70250) thrown at [C:\src\android\AOSP-openjdk\external\jetbrains\jdk\hotspot\src\share\vm\interpreter\interpreterRuntime.cpp, line 366]
Event: 9.415 Thread 0x000000001dac6800 Exception <a 'java/lang/ArrayIndexOutOfBoundsException'> (0x000000076cb71538) thrown at [C:\src\android\AOSP-openjdk\external\jetbrains\jdk\hotspot\src\share\vm\runtime\sharedRuntime.cpp, line 605]

Events (10 events):
Event: 10.397 Thread 0x000000001bffc000 flushing nmethod 0x0000000002cfff50
Event: 10.397 Thread 0x000000001bffc000 flushing nmethod 0x0000000002d05690
Event: 10.397 Thread 0x000000001bffc000 flushing nmethod 0x0000000002d09290
Event: 10.397 Thread 0x000000001bffc000 flushing nmethod 0x0000000002d0a2d0
Event: 10.397 Thread 0x000000001bffc000 flushing nmethod 0x0000000002d0ccd0
Event: 10.401 Thread 0x000000001da67800 DEOPT PACKING pc=0x0000000002d9dc24 sp=0x000000001e00e880
Event: 10.401 Thread 0x000000001da67800 DEOPT UNPACKING pc=0x00000000029175bf sp=0x000000001e00e5a8 mode 0
Event: 10.409 Thread 0x000000001da46800 Uncommon trap: trap_request=0xffffff65 fr.pc=0x00000000032cfd90
Event: 10.409 Thread 0x000000001da46800 DEOPT PACKING pc=0x00000000032cfd90 sp=0x000000001e40e940
Event: 10.409 Thread 0x000000001da46800 DEOPT UNPACKING pc=0x000000000291556a sp=0x000000001e40e828 mode 2


Dynamic libraries:
0x00007ff624d90000 - 0x00007ff624dc1000 	D:\android-studio\jre\bin\java.exe
0x00007ff89a960000 - 0x00007ff89ab32000 	C:\Windows\SYSTEM32\ntdll.dll
0x00007ff898830000 - 0x00007ff8988dc000 	C:\Windows\System32\KERNEL32.DLL
0x00007ff897c20000 - 0x00007ff897e3d000 	C:\Windows\System32\KERNELBASE.dll
0x00007ff898e60000 - 0x00007ff898f02000 	C:\Windows\System32\ADVAPI32.dll
0x00007ff898010000 - 0x00007ff8980ae000 	C:\Windows\System32\msvcrt.dll
0x00007ff8988e0000 - 0x00007ff898939000 	C:\Windows\System32\sechost.dll
0x00007ff898940000 - 0x00007ff898a61000 	C:\Windows\System32\RPCRT4.dll
0x00007ff898bd0000 - 0x00007ff898d35000 	C:\Windows\System32\USER32.dll
0x00007ff896e60000 - 0x00007ff896e7e000 	C:\Windows\System32\win32u.dll
0x00007ff898f10000 - 0x00007ff898f44000 	C:\Windows\System32\GDI32.dll
0x00007ff897aa0000 - 0x00007ff897c20000 	C:\Windows\System32\gdi32full.dll
0x00007ff88d520000 - 0x00007ff88d79a000 	C:\Windows\WinSxS\amd64_microsoft.windows.common-controls_6595b64144ccf1df_6.0.14393.953_none_42151e83c686086b\COMCTL32.dll
0x00007ff89a4a0000 - 0x00007ff89a768000 	C:\Windows\System32\combase.dll
0x00007ff897730000 - 0x00007ff897825000 	C:\Windows\System32\ucrtbase.dll
0x00007ff8976c0000 - 0x00007ff89772a000 	C:\Windows\System32\bcryptPrimitives.dll
0x00007ff89a470000 - 0x00007ff89a49e000 	C:\Windows\System32\IMM32.DLL
0x00000000760f0000 - 0x00000000761c2000 	D:\android-studio\jre\jre\bin\msvcr100.dll
0x00000000761d0000 - 0x0000000076a0c000 	D:\android-studio\jre\jre\bin\server\jvm.dll
0x00007ff898d40000 - 0x00007ff898d48000 	C:\Windows\System32\PSAPI.DLL
0x00007ff8931d0000 - 0x00007ff8931d9000 	C:\Windows\SYSTEM32\WSOCK32.dll
0x00007ff8984e0000 - 0x00007ff89854a000 	C:\Windows\System32\WS2_32.dll
0x00007ff895140000 - 0x00007ff895163000 	C:\Windows\SYSTEM32\WINMM.dll
0x00007ff893de0000 - 0x00007ff893dea000 	C:\Windows\SYSTEM32\VERSION.dll
0x00007ff894fc0000 - 0x00007ff894feb000 	C:\Windows\SYSTEM32\WINMMBASE.dll
0x00007ff897ea0000 - 0x00007ff897ee2000 	C:\Windows\System32\cfgmgr32.dll
0x00007ff893060000 - 0x00007ff89306f000 	D:\android-studio\jre\jre\bin\verify.dll
0x00007ff886b40000 - 0x00007ff886b69000 	D:\android-studio\jre\jre\bin\java.dll
0x00007ff893040000 - 0x00007ff893056000 	D:\android-studio\jre\jre\bin\zip.dll
0x00007ff898f50000 - 0x00007ff89a458000 	C:\Windows\System32\SHELL32.dll
0x00007ff896f30000 - 0x00007ff89760a000 	C:\Windows\System32\windows.storage.dll
0x00007ff896df0000 - 0x00007ff896e3c000 	C:\Windows\System32\powrprof.dll
0x00007ff897ef0000 - 0x00007ff897f42000 	C:\Windows\System32\shlwapi.dll
0x00007ff896e40000 - 0x00007ff896e4f000 	C:\Windows\System32\kernel.appcore.dll
0x00007ff897610000 - 0x00007ff8976b9000 	C:\Windows\System32\shcore.dll
0x00007ff896dd0000 - 0x00007ff896de4000 	C:\Windows\System32\profapi.dll
0x00007ff88b980000 - 0x00007ff88bb12000 	C:\Windows\SYSTEM32\dbghelp.dll

VM Arguments:
jvm_args: -Djava.awt.headless=true -Xmx4g -Dfile.encoding=windows-1252 -Duser.country=US -Duser.language=en -Duser.variant 
java_command: com.android.dx.command.Main --dex --force-jumbo --num-threads=4 --multi-dex --output D:\android\android\app\build\intermediates\transforms\dex\dev\debug\folders\1000\5\slice_9 D:\android\android\app\build\intermediates\transforms\instantRunSlicer\dev\debug\folders\1\5\slice_9
java_class_path (initial): D:\android-sdk-windows\build-tools\25.0.3\lib\dx.jar
Launcher Type: SUN_STANDARD

Environment Variables:
PATH=C:\ProgramData\Oracle\Java\javapath;C:\Windows\system32;C:\Windows;C:\Windows\System32\Wbem;C:\Windows\System32\WindowsPowerShell\v1.0\;C:\Program Files (x86)\Skype\Phone\;C:\Program Files\Git\cmd;C:\Users\Giga\AppData\Local\Microsoft\WindowsApps;
USERNAME=BB
OS=Windows_NT
PROCESSOR_IDENTIFIER=Intel64 Family 6 Model 158 Stepping 9, GenuineIntel



---------------  S Y S T E M  ---------------

OS: Windows 10.0 , 64 bit Build 14393 (10.0.14393.1198)

CPU:total 4 (4 cores per cpu, 1 threads per core) family 6 model 158 stepping 9, cmov, cx8, fxsr, mmx, sse, sse2, sse3, ssse3, sse4.1, sse4.2, popcnt, avx, avx2, aes, clmul, erms, 3dnowpref, lzcnt, tsc, tscinvbit, bmi1, bmi2, adx

Memory: 4k page, physical 8298912k(458740k free), swap 13955200k(1923988k free)

vm_info: OpenJDK 64-Bit Server VM (25.112-b06) for windows-amd64 JRE (1.8.0_112-release-b06), built on Dec  8 2016 00:54:26 by "builder" with MS VC++ 10.0 (VS2010)

time: Tue Oct 10 11:20:18 2017
elapsed time: 10 seconds (0d 0h 0m 10s)

